[INFO] Scanning for projects...
[INFO] 
[INFO] ----------------------< com.bank:account-service >----------------------
[INFO] Building account-service 0.0.1-SNAPSHOT
[INFO]   from pom.xml
[INFO] --------------------------------[ jar ]---------------------------------
[INFO] 
[INFO] >>> spring-boot:3.1.2:run (default-cli) > test-compile @ account-service >>>
[INFO] 
[INFO] --- resources:3.3.1:resources (default-resources) @ account-service ---
[INFO] Copying 1 resource from src\main\resources to target\classes
[INFO] Copying 0 resource from src\main\resources to target\classes
[INFO] 
[INFO] --- compiler:3.11.0:compile (default-compile) @ account-service ---
[INFO] Nothing to compile - all classes are up to date
[INFO] 
[INFO] --- resources:3.3.1:testResources (default-testResources) @ account-service ---
[INFO] skip non existing resourceDirectory C:\Users\Ashutosh\Desktop\Training\myside\microservices-cursor-1\account-service\src\test\resources
[INFO] 
[INFO] --- compiler:3.11.0:testCompile (default-testCompile) @ account-service ---
[INFO] No sources to compile
[INFO] 
[INFO] <<< spring-boot:3.1.2:run (default-cli) < test-compile @ account-service <<<
[INFO] 
[INFO] 
[INFO] --- spring-boot:3.1.2:run (default-cli) @ account-service ---
[INFO] Attaching agents: []

  .   ____          _            __ _ _
 /\\ / ___'_ __ _ _(_)_ __  __ _ \ \ \ \
( ( )\___ | '_ | '_| | '_ \/ _` | \ \ \ \
 \\/  ___)| |_)| | | | | || (_| |  ) ) ) )
  '  |____| .__|_| |_|_| |_\__, | / / / /
 =========|_|==============|___/=/_/_/_/
 :: Spring Boot ::                (v3.1.2)

2025-08-02T14:43:42.005+05:30  INFO 30128 --- [  restartedMain] com.bank.AccountApplication              : Starting AccountApplication using Java 17.0.15 with PID 30128 (C:\Users\Ashutosh\Desktop\Training\myside\microservices-cursor-1\account-service\target\classes started by Ashutosh in C:\Users\Ashutosh\Desktop\Training\myside\microservices-cursor-1\account-service)
2025-08-02T14:43:42.007+05:30 DEBUG 30128 --- [  restartedMain] com.bank.AccountApplication              : Running with Spring Boot v3.1.2, Spring v6.0.11
2025-08-02T14:43:42.008+05:30  INFO 30128 --- [  restartedMain] com.bank.AccountApplication              : No active profile set, falling back to 1 default profile: "default"
2025-08-02T14:43:42.076+05:30  INFO 30128 --- [  restartedMain] o.s.b.devtools.restart.ChangeableUrls    : The Class-Path manifest attribute in C:\Users\Ashutosh\.m2\repository\com\oracle\database\jdbc\ojdbc17\23.0.0\ojdbc17-23.0.0.jar referenced one or more files that do not exist: file:/C:/Users/Ashutosh/.m2/repository/com/oracle/database/jdbc/ojdbc17/23.0.0/oraclepki.jar
2025-08-02T14:43:42.076+05:30  INFO 30128 --- [  restartedMain] .e.DevToolsPropertyDefaultsPostProcessor : Devtools property defaults active! Set 'spring.devtools.add-properties' to 'false' to disable
2025-08-02T14:43:42.076+05:30  INFO 30128 --- [  restartedMain] .e.DevToolsPropertyDefaultsPostProcessor : For additional web related logging consider setting the 'logging.level.web' property to 'DEBUG'
2025-08-02T14:43:43.002+05:30  INFO 30128 --- [  restartedMain] .s.d.r.c.RepositoryConfigurationDelegate : Bootstrapping Spring Data JPA repositories in DEFAULT mode.
2025-08-02T14:43:43.035+05:30  INFO 30128 --- [  restartedMain] .s.d.r.c.RepositoryConfigurationDelegate : Finished Spring Data repository scanning in 24 ms. Found 0 JPA repository interfaces.
2025-08-02T14:43:43.337+05:30  INFO 30128 --- [  restartedMain] o.s.cloud.context.scope.GenericScope     : BeanFactory id=40fb49a6-0ec6-3e4b-90fc-e552fc946f74
2025-08-02T14:43:44.126+05:30  INFO 30128 --- [  restartedMain] o.s.b.w.embedded.tomcat.TomcatWebServer  : Tomcat initialized with port(s): 9091 (http)
2025-08-02T14:43:44.139+05:30  INFO 30128 --- [  restartedMain] o.apache.catalina.core.StandardService   : Starting service [Tomcat]
2025-08-02T14:43:44.140+05:30  INFO 30128 --- [  restartedMain] o.apache.catalina.core.StandardEngine    : Starting Servlet engine: [Apache Tomcat/10.1.11]
2025-08-02T14:43:44.497+05:30  INFO 30128 --- [  restartedMain] org.apache.jasper.servlet.TldScanner     : At least one JAR was scanned for TLDs yet contained no TLDs. Enable debug logging for this logger for a complete list of JARs that were scanned but no TLDs were found in them. Skipping unneeded JARs during scanning can improve startup time and JSP compilation time.
2025-08-02T14:43:44.507+05:30  INFO 30128 --- [  restartedMain] o.a.c.c.C.[Tomcat].[localhost].[/]       : Initializing Spring embedded WebApplicationContext
2025-08-02T14:43:44.509+05:30  INFO 30128 --- [  restartedMain] w.s.c.ServletWebServerApplicationContext : Root WebApplicationContext: initialization completed in 2430 ms
2025-08-02T14:43:44.806+05:30  INFO 30128 --- [  restartedMain] o.hibernate.jpa.internal.util.LogHelper  : HHH000204: Processing PersistenceUnitInfo [name: default]
2025-08-02T14:43:44.876+05:30  INFO 30128 --- [  restartedMain] org.hibernate.Version                    : HHH000412: Hibernate ORM core version 6.2.6.Final
2025-08-02T14:43:44.886+05:30  INFO 30128 --- [  restartedMain] org.hibernate.cfg.Environment            : HHH000406: Using bytecode reflection optimizer
2025-08-02T14:43:45.081+05:30  INFO 30128 --- [  restartedMain] o.h.b.i.BytecodeProviderInitiator        : HHH000021: Bytecode provider name : bytebuddy
2025-08-02T14:43:45.243+05:30  INFO 30128 --- [  restartedMain] o.s.o.j.p.SpringPersistenceUnitInfo      : No LoadTimeWeaver setup: ignoring JPA class transformer
2025-08-02T14:43:45.263+05:30  INFO 30128 --- [  restartedMain] com.zaxxer.hikari.HikariDataSource       : HikariPool-1 - Starting...
2025-08-02T14:43:45.785+05:30  INFO 30128 --- [  restartedMain] com.zaxxer.hikari.pool.HikariPool        : HikariPool-1 - Added connection oracle.jdbc.driver.T4CConnection@3b572f7
2025-08-02T14:43:45.790+05:30  INFO 30128 --- [  restartedMain] com.zaxxer.hikari.HikariDataSource       : HikariPool-1 - Start completed.
2025-08-02T14:43:46.378+05:30  INFO 30128 --- [  restartedMain] o.h.b.i.BytecodeProviderInitiator        : HHH000021: Bytecode provider name : bytebuddy
2025-08-02T14:43:47.256+05:30  INFO 30128 --- [  restartedMain] o.h.e.t.j.p.i.JtaPlatformInitiator       : HHH000490: Using JtaPlatform implementation: [org.hibernate.engine.transaction.jta.platform.internal.NoJtaPlatform]
Hibernate: alter table bank_transactions modify transaction_date timestamp(6)
Hibernate: alter table customer_account modify created_at timestamp(6)
Hibernate: alter table customer_account modify opened_date timestamp(6)
Hibernate: alter table customer_account modify updated_at timestamp(6)
2025-08-02T14:43:47.850+05:30  INFO 30128 --- [  restartedMain] j.LocalContainerEntityManagerFactoryBean : Initialized JPA EntityManagerFactory for persistence unit 'default'
2025-08-02T14:43:48.010+05:30  WARN 30128 --- [  restartedMain] JpaBaseConfiguration$JpaWebConfiguration : spring.jpa.open-in-view is enabled by default. Therefore, database queries may be performed during view rendering. Explicitly configure spring.jpa.open-in-view to disable this warning
2025-08-02T14:43:48.514+05:30  WARN 30128 --- [  restartedMain] o.s.b.d.a.OptionalLiveReloadServer       : Unable to start LiveReload server
2025-08-02T14:43:49.870+05:30  INFO 30128 --- [  restartedMain] o.s.cloud.commons.util.InetUtils         : Cannot determine local hostname
2025-08-02T14:43:49.903+05:30  INFO 30128 --- [  restartedMain] DiscoveryClientOptionalArgsConfiguration : Eureka HTTP Client uses RestTemplate.
2025-08-02T14:43:51.247+05:30  INFO 30128 --- [  restartedMain] o.s.cloud.commons.util.InetUtils         : Cannot determine local hostname
2025-08-02T14:43:51.318+05:30  WARN 30128 --- [  restartedMain] iguration$LoadBalancerCaffeineWarnLogger : Spring Cloud LoadBalancer is currently working with the default cache. While this cache implementation is useful for development and tests, it's recommended to use Caffeine cache in production.You can switch to using Caffeine cache, by adding it and org.springframework.cache.caffeine.CaffeineCacheManager to the classpath.
2025-08-02T14:43:51.364+05:30  INFO 30128 --- [  restartedMain] o.s.c.n.eureka.InstanceInfoFactory       : Setting initial instance status as: STARTING
2025-08-02T14:43:51.411+05:30  INFO 30128 --- [  restartedMain] com.netflix.discovery.DiscoveryClient    : Initializing Eureka in region us-east-1
2025-08-02T14:43:51.417+05:30  INFO 30128 --- [  restartedMain] c.n.d.s.r.aws.ConfigClusterResolver      : Resolving eureka endpoints via configuration
2025-08-02T14:43:51.447+05:30  INFO 30128 --- [  restartedMain] com.netflix.discovery.DiscoveryClient    : Disable delta property : false
2025-08-02T14:43:51.447+05:30  INFO 30128 --- [  restartedMain] com.netflix.discovery.DiscoveryClient    : Single vip registry refresh property : null
2025-08-02T14:43:51.447+05:30  INFO 30128 --- [  restartedMain] com.netflix.discovery.DiscoveryClient    : Force full registry fetch : false
2025-08-02T14:43:51.447+05:30  INFO 30128 --- [  restartedMain] com.netflix.discovery.DiscoveryClient    : Application is null : false
2025-08-02T14:43:51.448+05:30  INFO 30128 --- [  restartedMain] com.netflix.discovery.DiscoveryClient    : Registered Applications size is zero : true
2025-08-02T14:43:51.448+05:30  INFO 30128 --- [  restartedMain] com.netflix.discovery.DiscoveryClient    : Application version is -1: true
2025-08-02T14:43:51.448+05:30  INFO 30128 --- [  restartedMain] com.netflix.discovery.DiscoveryClient    : Getting all instance registry info from the eureka server
2025-08-02T14:43:51.870+05:30  INFO 30128 --- [  restartedMain] com.netflix.discovery.DiscoveryClient    : The response status is 200
2025-08-02T14:43:51.872+05:30  INFO 30128 --- [  restartedMain] com.netflix.discovery.DiscoveryClient    : Starting heartbeat executor: renew interval is: 30
2025-08-02T14:43:51.876+05:30  INFO 30128 --- [  restartedMain] c.n.discovery.InstanceInfoReplicator     : InstanceInfoReplicator onDemand update allowed rate per min is 4
2025-08-02T14:43:51.880+05:30  INFO 30128 --- [  restartedMain] com.netflix.discovery.DiscoveryClient    : Discovery Client initialized at timestamp 1754126031880 with initial instances count: 0
2025-08-02T14:43:51.883+05:30  INFO 30128 --- [  restartedMain] o.s.c.n.e.s.EurekaServiceRegistry        : Registering application ACCOUNT-SERVICE with eureka with status UP
2025-08-02T14:43:51.884+05:30  INFO 30128 --- [  restartedMain] com.netflix.discovery.DiscoveryClient    : Saw local status change event StatusChangeEvent [timestamp=1754126031884, current=UP, previous=STARTING]
2025-08-02T14:43:51.886+05:30  INFO 30128 --- [nfoReplicator-0] com.netflix.discovery.DiscoveryClient    : DiscoveryClient_ACCOUNT-SERVICE/localhost:account-service:9091: registering service...
2025-08-02T14:43:51.950+05:30  INFO 30128 --- [nfoReplicator-0] com.netflix.discovery.DiscoveryClient    : DiscoveryClient_ACCOUNT-SERVICE/localhost:account-service:9091 - registration status: 204
2025-08-02T14:43:51.957+05:30  INFO 30128 --- [  restartedMain] o.s.b.w.embedded.tomcat.TomcatWebServer  : Tomcat started on port(s): 9091 (http) with context path ''
2025-08-02T14:43:51.958+05:30  INFO 30128 --- [  restartedMain] .s.c.n.e.s.EurekaAutoServiceRegistration : Updating port to 9091
2025-08-02T14:43:53.267+05:30  INFO 30128 --- [  restartedMain] o.s.cloud.commons.util.InetUtils         : Cannot determine local hostname
2025-08-02T14:43:53.281+05:30  INFO 30128 --- [  restartedMain] com.bank.AccountApplication              : Started AccountApplication in 13.178 seconds (process running for 13.961)
2025-08-02T14:44:21.874+05:30  INFO 30128 --- [freshExecutor-0] com.netflix.discovery.DiscoveryClient    : Disable delta property : false
2025-08-02T14:44:21.875+05:30  INFO 30128 --- [freshExecutor-0] com.netflix.discovery.DiscoveryClient    : Single vip registry refresh property : null
2025-08-02T14:44:21.876+05:30  INFO 30128 --- [freshExecutor-0] com.netflix.discovery.DiscoveryClient    : Force full registry fetch : false
2025-08-02T14:44:21.876+05:30  INFO 30128 --- [freshExecutor-0] com.netflix.discovery.DiscoveryClient    : Application is null : false
2025-08-02T14:44:21.877+05:30  INFO 30128 --- [freshExecutor-0] com.netflix.discovery.DiscoveryClient    : Registered Applications size is zero : true
2025-08-02T14:44:21.877+05:30  INFO 30128 --- [freshExecutor-0] com.netflix.discovery.DiscoveryClient    : Application version is -1: false
2025-08-02T14:44:21.877+05:30  INFO 30128 --- [freshExecutor-0] com.netflix.discovery.DiscoveryClient    : Getting all instance registry info from the eureka server
2025-08-02T14:44:21.903+05:30  INFO 30128 --- [freshExecutor-0] com.netflix.discovery.DiscoveryClient    : The response status is 200
2025-08-02T14:48:51.456+05:30  INFO 30128 --- [trap-executor-0] c.n.d.s.r.aws.ConfigClusterResolver      : Resolving eureka endpoints via configuration
2025-08-02T14:51:38.131+05:30  INFO 30128 --- [nio-9091-exec-1] o.a.c.c.C.[Tomcat].[localhost].[/]       : Initializing Spring DispatcherServlet 'dispatcherServlet'
2025-08-02T14:51:38.131+05:30  INFO 30128 --- [nio-9091-exec-1] o.s.web.servlet.DispatcherServlet        : Initializing Servlet 'dispatcherServlet'
2025-08-02T14:51:38.135+05:30  INFO 30128 --- [nio-9091-exec-1] o.s.web.servlet.DispatcherServlet        : Completed initialization in 4 ms
2025-08-02T14:53:51.469+05:30  INFO 30128 --- [trap-executor-0] c.n.d.s.r.aws.ConfigClusterResolver      : Resolving eureka endpoints via configuration
2025-08-02T16:53:46.967+05:30  INFO 30128 --- [trap-executor-0] c.n.d.s.r.aws.ConfigClusterResolver      : Resolving eureka endpoints via configuration
2025-08-02T21:19:17.410+05:30  WARN 30128 --- [l-1 housekeeper] com.zaxxer.hikari.pool.HikariPool        : HikariPool-1 - Thread starvation or clock leap detected (housekeeper delta=6h20m31s286ms828µs300ns).
2025-08-02T21:22:46.805+05:30  INFO 30128 --- [   File Watcher] rtingClassPathChangeChangedEventListener : Restarting due to 1 class path change (1 addition, 0 deletions, 0 modifications)
2025-08-02T21:22:46.810+05:30  INFO 30128 --- [       Thread-1] o.s.c.n.e.s.EurekaServiceRegistry        : Unregistering application ACCOUNT-SERVICE with eureka with status DOWN
2025-08-02T21:22:46.810+05:30  INFO 30128 --- [       Thread-1] com.netflix.discovery.DiscoveryClient    : Saw local status change event StatusChangeEvent [timestamp=1754149966810, current=DOWN, previous=UP]
2025-08-02T21:22:46.811+05:30  INFO 30128 --- [nfoReplicator-0] com.netflix.discovery.DiscoveryClient    : DiscoveryClient_ACCOUNT-SERVICE/localhost:account-service:9091: registering service...
2025-08-02T21:22:46.835+05:30  INFO 30128 --- [nfoReplicator-0] com.netflix.discovery.DiscoveryClient    : DiscoveryClient_ACCOUNT-SERVICE/localhost:account-service:9091 - registration status: 204
2025-08-02T21:22:46.861+05:30  INFO 30128 --- [       Thread-1] o.apache.catalina.core.StandardService   : Stopping service [Tomcat]
2025-08-02T21:22:46.864+05:30  INFO 30128 --- [       Thread-1] o.a.c.c.C.[Tomcat].[localhost].[/]       : Destroying Spring FrameworkServlet 'dispatcherServlet'
2025-08-02T21:22:46.878+05:30  INFO 30128 --- [       Thread-1] j.LocalContainerEntityManagerFactoryBean : Closing JPA EntityManagerFactory for persistence unit 'default'
2025-08-02T21:22:46.885+05:30  INFO 30128 --- [       Thread-1] com.zaxxer.hikari.HikariDataSource       : HikariPool-1 - Shutdown initiated...
2025-08-02T21:22:46.905+05:30  INFO 30128 --- [       Thread-1] com.zaxxer.hikari.HikariDataSource       : HikariPool-1 - Shutdown completed.
2025-08-02T21:22:46.906+05:30  INFO 30128 --- [       Thread-1] com.netflix.discovery.DiscoveryClient    : Shutting down DiscoveryClient ...
2025-08-02T21:22:49.917+05:30  INFO 30128 --- [       Thread-1] com.netflix.discovery.DiscoveryClient    : Unregistering ...
2025-08-02T21:22:49.936+05:30  INFO 30128 --- [       Thread-1] com.netflix.discovery.DiscoveryClient    : DiscoveryClient_ACCOUNT-SERVICE/localhost:account-service:9091 - deregister  status: 200
2025-08-02T21:22:49.950+05:30  INFO 30128 --- [       Thread-1] com.netflix.discovery.DiscoveryClient    : Completed shut down of DiscoveryClient

  .   ____          _            __ _ _
 /\\ / ___'_ __ _ _(_)_ __  __ _ \ \ \ \
( ( )\___ | '_ | '_| | '_ \/ _` | \ \ \ \
 \\/  ___)| |_)| | | | | || (_| |  ) ) ) )
  '  |____| .__|_| |_|_| |_\__, | / / / /
 =========|_|==============|___/=/_/_/_/
 :: Spring Boot ::                (v3.1.2)

2025-08-02T21:22:51.698+05:30  INFO 30128 --- [  restartedMain] com.bank.AccountApplication              : Starting AccountApplication using Java 17.0.15 with PID 30128 (C:\Users\Ashutosh\Desktop\Training\myside\microservices-cursor-1\account-service\target\classes started by Ashutosh in C:\Users\Ashutosh\Desktop\Training\myside\microservices-cursor-1\account-service)
2025-08-02T21:22:51.698+05:30 DEBUG 30128 --- [  restartedMain] com.bank.AccountApplication              : Running with Spring Boot v3.1.2, Spring v6.0.11
2025-08-02T21:22:51.698+05:30  INFO 30128 --- [  restartedMain] com.bank.AccountApplication              : No active profile set, falling back to 1 default profile: "default"
2025-08-02T21:22:52.159+05:30  INFO 30128 --- [  restartedMain] .s.d.r.c.RepositoryConfigurationDelegate : Bootstrapping Spring Data JPA repositories in DEFAULT mode.
2025-08-02T21:22:52.172+05:30  INFO 30128 --- [  restartedMain] .s.d.r.c.RepositoryConfigurationDelegate : Finished Spring Data repository scanning in 11 ms. Found 0 JPA repository interfaces.
2025-08-02T21:22:52.332+05:30  INFO 30128 --- [  restartedMain] o.s.cloud.context.scope.GenericScope     : BeanFactory id=40fb49a6-0ec6-3e4b-90fc-e552fc946f74
2025-08-02T21:22:52.479+05:30  INFO 30128 --- [  restartedMain] o.s.b.w.embedded.tomcat.TomcatWebServer  : Tomcat initialized with port(s): 9091 (http)
2025-08-02T21:22:52.480+05:30  INFO 30128 --- [  restartedMain] o.apache.catalina.core.StandardService   : Starting service [Tomcat]
2025-08-02T21:22:52.481+05:30  INFO 30128 --- [  restartedMain] o.apache.catalina.core.StandardEngine    : Starting Servlet engine: [Apache Tomcat/10.1.11]
2025-08-02T21:22:52.705+05:30  INFO 30128 --- [  restartedMain] org.apache.jasper.servlet.TldScanner     : At least one JAR was scanned for TLDs yet contained no TLDs. Enable debug logging for this logger for a complete list of JARs that were scanned but no TLDs were found in them. Skipping unneeded JARs during scanning can improve startup time and JSP compilation time.
2025-08-02T21:22:52.710+05:30  INFO 30128 --- [  restartedMain] o.a.c.c.C.[Tomcat].[localhost].[/]       : Initializing Spring embedded WebApplicationContext
2025-08-02T21:22:52.711+05:30  INFO 30128 --- [  restartedMain] w.s.c.ServletWebServerApplicationContext : Root WebApplicationContext: initialization completed in 1009 ms
2025-08-02T21:22:52.781+05:30  INFO 30128 --- [  restartedMain] o.hibernate.jpa.internal.util.LogHelper  : HHH000204: Processing PersistenceUnitInfo [name: default]
2025-08-02T21:22:52.794+05:30  INFO 30128 --- [  restartedMain] o.h.b.i.BytecodeProviderInitiator        : HHH000021: Bytecode provider name : bytebuddy
2025-08-02T21:22:52.795+05:30  INFO 30128 --- [  restartedMain] o.s.o.j.p.SpringPersistenceUnitInfo      : No LoadTimeWeaver setup: ignoring JPA class transformer
2025-08-02T21:22:52.796+05:30  INFO 30128 --- [  restartedMain] com.zaxxer.hikari.HikariDataSource       : HikariPool-2 - Starting...
2025-08-02T21:22:52.913+05:30  INFO 30128 --- [  restartedMain] com.zaxxer.hikari.pool.HikariPool        : HikariPool-2 - Added connection oracle.jdbc.driver.T4CConnection@6fbfbc02
2025-08-02T21:22:52.914+05:30  INFO 30128 --- [  restartedMain] com.zaxxer.hikari.HikariDataSource       : HikariPool-2 - Start completed.
2025-08-02T21:22:52.926+05:30  INFO 30128 --- [  restartedMain] o.h.b.i.BytecodeProviderInitiator        : HHH000021: Bytecode provider name : bytebuddy
2025-08-02T21:22:52.938+05:30  INFO 30128 --- [  restartedMain] o.h.e.t.j.p.i.JtaPlatformInitiator       : HHH000490: Using JtaPlatform implementation: [org.hibernate.engine.transaction.jta.platform.internal.NoJtaPlatform]
2025-08-02T21:22:52.939+05:30  INFO 30128 --- [  restartedMain] j.LocalContainerEntityManagerFactoryBean : Initialized JPA EntityManagerFactory for persistence unit 'default'
2025-08-02T21:22:53.035+05:30  WARN 30128 --- [  restartedMain] JpaBaseConfiguration$JpaWebConfiguration : spring.jpa.open-in-view is enabled by default. Therefore, database queries may be performed during view rendering. Explicitly configure spring.jpa.open-in-view to disable this warning
2025-08-02T21:22:53.239+05:30  WARN 30128 --- [  restartedMain] o.s.b.d.a.OptionalLiveReloadServer       : Unable to start LiveReload server
2025-08-02T21:22:54.868+05:30  INFO 30128 --- [  restartedMain] o.s.cloud.commons.util.InetUtils         : Cannot determine local hostname
2025-08-02T21:22:54.898+05:30  INFO 30128 --- [   File Watcher] rtingClassPathChangeChangedEventListener : Restarting due to 20 class path changes (2 additions, 0 deletions, 18 modifications)
2025-08-02T21:22:54.906+05:30  INFO 30128 --- [  restartedMain] DiscoveryClientOptionalArgsConfiguration : Eureka HTTP Client uses RestTemplate.
2025-08-02T21:22:56.632+05:30  INFO 30128 --- [  restartedMain] o.s.cloud.commons.util.InetUtils         : Cannot determine local hostname
2025-08-02T21:22:56.673+05:30  WARN 30128 --- [  restartedMain] iguration$LoadBalancerCaffeineWarnLogger : Spring Cloud LoadBalancer is currently working with the default cache. While this cache implementation is useful for development and tests, it's recommended to use Caffeine cache in production.You can switch to using Caffeine cache, by adding it and org.springframework.cache.caffeine.CaffeineCacheManager to the classpath.
2025-08-02T21:22:56.706+05:30  INFO 30128 --- [  restartedMain] o.s.c.n.eureka.InstanceInfoFactory       : Setting initial instance status as: STARTING
2025-08-02T21:22:56.713+05:30  INFO 30128 --- [  restartedMain] com.netflix.discovery.DiscoveryClient    : Initializing Eureka in region us-east-1
2025-08-02T21:22:56.714+05:30  INFO 30128 --- [  restartedMain] c.n.d.s.r.aws.ConfigClusterResolver      : Resolving eureka endpoints via configuration
2025-08-02T21:22:56.729+05:30  INFO 30128 --- [  restartedMain] com.netflix.discovery.DiscoveryClient    : Disable delta property : false
2025-08-02T21:22:56.729+05:30  INFO 30128 --- [  restartedMain] com.netflix.discovery.DiscoveryClient    : Single vip registry refresh property : null
2025-08-02T21:22:56.729+05:30  INFO 30128 --- [  restartedMain] com.netflix.discovery.DiscoveryClient    : Force full registry fetch : false
2025-08-02T21:22:56.729+05:30  INFO 30128 --- [  restartedMain] com.netflix.discovery.DiscoveryClient    : Application is null : false
2025-08-02T21:22:56.729+05:30  INFO 30128 --- [  restartedMain] com.netflix.discovery.DiscoveryClient    : Registered Applications size is zero : true
2025-08-02T21:22:56.730+05:30  INFO 30128 --- [  restartedMain] com.netflix.discovery.DiscoveryClient    : Application version is -1: true
2025-08-02T21:22:56.730+05:30  INFO 30128 --- [  restartedMain] com.netflix.discovery.DiscoveryClient    : Getting all instance registry info from the eureka server
2025-08-02T21:22:56.785+05:30  INFO 30128 --- [  restartedMain] com.netflix.discovery.DiscoveryClient    : The response status is 200
2025-08-02T21:22:56.787+05:30  INFO 30128 --- [  restartedMain] com.netflix.discovery.DiscoveryClient    : Starting heartbeat executor: renew interval is: 30
2025-08-02T21:22:56.796+05:30  INFO 30128 --- [  restartedMain] c.n.discovery.InstanceInfoReplicator     : InstanceInfoReplicator onDemand update allowed rate per min is 4
2025-08-02T21:22:56.803+05:30  INFO 30128 --- [  restartedMain] com.netflix.discovery.DiscoveryClient    : Discovery Client initialized at timestamp 1754149976803 with initial instances count: 5
2025-08-02T21:22:56.811+05:30  INFO 30128 --- [  restartedMain] o.s.c.n.e.s.EurekaServiceRegistry        : Registering application ACCOUNT-SERVICE with eureka with status UP
2025-08-02T21:22:56.812+05:30  INFO 30128 --- [  restartedMain] com.netflix.discovery.DiscoveryClient    : Saw local status change event StatusChangeEvent [timestamp=1754149976812, current=UP, previous=STARTING]
2025-08-02T21:22:56.813+05:30  INFO 30128 --- [nfoReplicator-0] com.netflix.discovery.DiscoveryClient    : DiscoveryClient_ACCOUNT-SERVICE/localhost:account-service:9091: registering service...
2025-08-02T21:22:56.855+05:30  INFO 30128 --- [  restartedMain] o.s.b.w.embedded.tomcat.TomcatWebServer  : Tomcat started on port(s): 9091 (http) with context path ''
2025-08-02T21:22:56.857+05:30  INFO 30128 --- [  restartedMain] .s.c.n.e.s.EurekaAutoServiceRegistration : Updating port to 9091
2025-08-02T21:22:56.873+05:30  INFO 30128 --- [nfoReplicator-0] com.netflix.discovery.DiscoveryClient    : DiscoveryClient_ACCOUNT-SERVICE/localhost:account-service:9091 - registration status: 204
2025-08-02T21:22:58.544+05:30  INFO 30128 --- [  restartedMain] o.s.cloud.commons.util.InetUtils         : Cannot determine local hostname
2025-08-02T21:22:58.555+05:30  INFO 30128 --- [  restartedMain] com.bank.AccountApplication              : Started AccountApplication in 8.525 seconds (process running for 23959.236)
2025-08-02T21:22:58.556+05:30  INFO 30128 --- [       Thread-9] o.s.c.n.e.s.EurekaServiceRegistry        : Unregistering application ACCOUNT-SERVICE with eureka with status DOWN
2025-08-02T21:22:58.557+05:30  INFO 30128 --- [       Thread-9] com.netflix.discovery.DiscoveryClient    : Saw local status change event StatusChangeEvent [timestamp=1754149978557, current=DOWN, previous=UP]
2025-08-02T21:22:58.557+05:30  INFO 30128 --- [nfoReplicator-0] com.netflix.discovery.DiscoveryClient    : DiscoveryClient_ACCOUNT-SERVICE/localhost:account-service:9091: registering service...
2025-08-02T21:22:58.562+05:30  INFO 30128 --- [  restartedMain] .ConditionEvaluationDeltaLoggingListener : Condition evaluation unchanged
2025-08-02T21:22:58.573+05:30  INFO 30128 --- [nfoReplicator-0] com.netflix.discovery.DiscoveryClient    : DiscoveryClient_ACCOUNT-SERVICE/localhost:account-service:9091 - registration status: 204
2025-08-02T21:22:58.612+05:30  INFO 30128 --- [       Thread-9] o.apache.catalina.core.StandardService   : Stopping service [Tomcat]
2025-08-02T21:22:58.620+05:30  INFO 30128 --- [       Thread-9] j.LocalContainerEntityManagerFactoryBean : Closing JPA EntityManagerFactory for persistence unit 'default'
2025-08-02T21:22:58.621+05:30  INFO 30128 --- [       Thread-9] com.zaxxer.hikari.HikariDataSource       : HikariPool-2 - Shutdown initiated...
2025-08-02T21:22:58.637+05:30  INFO 30128 --- [       Thread-9] com.zaxxer.hikari.HikariDataSource       : HikariPool-2 - Shutdown completed.
2025-08-02T21:22:58.637+05:30  INFO 30128 --- [       Thread-9] com.netflix.discovery.DiscoveryClient    : Shutting down DiscoveryClient ...
2025-08-02T21:23:01.653+05:30  INFO 30128 --- [       Thread-9] com.netflix.discovery.DiscoveryClient    : Unregistering ...
2025-08-02T21:23:01.672+05:30  INFO 30128 --- [       Thread-9] com.netflix.discovery.DiscoveryClient    : DiscoveryClient_ACCOUNT-SERVICE/localhost:account-service:9091 - deregister  status: 200
2025-08-02T21:23:01.679+05:30  INFO 30128 --- [       Thread-9] com.netflix.discovery.DiscoveryClient    : Completed shut down of DiscoveryClient

  .   ____          _            __ _ _
 /\\ / ___'_ __ _ _(_)_ __  __ _ \ \ \ \
( ( )\___ | '_ | '_| | '_ \/ _` | \ \ \ \
 \\/  ___)| |_)| | | | | || (_| |  ) ) ) )
  '  |____| .__|_| |_|_| |_\__, | / / / /
 =========|_|==============|___/=/_/_/_/
 :: Spring Boot ::                (v3.1.2)

2025-08-02T21:23:03.695+05:30  INFO 30128 --- [  restartedMain] com.bank.AccountApplication              : Starting AccountApplication using Java 17.0.15 with PID 30128 (C:\Users\Ashutosh\Desktop\Training\myside\microservices-cursor-1\account-service\target\classes started by Ashutosh in C:\Users\Ashutosh\Desktop\Training\myside\microservices-cursor-1\account-service)
2025-08-02T21:23:03.696+05:30 DEBUG 30128 --- [  restartedMain] com.bank.AccountApplication              : Running with Spring Boot v3.1.2, Spring v6.0.11
2025-08-02T21:23:03.697+05:30  INFO 30128 --- [  restartedMain] com.bank.AccountApplication              : No active profile set, falling back to 1 default profile: "default"
2025-08-02T21:23:04.163+05:30  INFO 30128 --- [  restartedMain] .s.d.r.c.RepositoryConfigurationDelegate : Bootstrapping Spring Data JPA repositories in DEFAULT mode.
2025-08-02T21:23:04.180+05:30  INFO 30128 --- [  restartedMain] .s.d.r.c.RepositoryConfigurationDelegate : Finished Spring Data repository scanning in 15 ms. Found 0 JPA repository interfaces.
2025-08-02T21:23:04.322+05:30  INFO 30128 --- [  restartedMain] o.s.cloud.context.scope.GenericScope     : BeanFactory id=40fb49a6-0ec6-3e4b-90fc-e552fc946f74
2025-08-02T21:23:04.463+05:30  INFO 30128 --- [  restartedMain] o.s.b.w.embedded.tomcat.TomcatWebServer  : Tomcat initialized with port(s): 9091 (http)
2025-08-02T21:23:04.464+05:30  INFO 30128 --- [  restartedMain] o.apache.catalina.core.StandardService   : Starting service [Tomcat]
2025-08-02T21:23:04.465+05:30  INFO 30128 --- [  restartedMain] o.apache.catalina.core.StandardEngine    : Starting Servlet engine: [Apache Tomcat/10.1.11]
2025-08-02T21:23:04.740+05:30  INFO 30128 --- [  restartedMain] org.apache.jasper.servlet.TldScanner     : At least one JAR was scanned for TLDs yet contained no TLDs. Enable debug logging for this logger for a complete list of JARs that were scanned but no TLDs were found in them. Skipping unneeded JARs during scanning can improve startup time and JSP compilation time.
2025-08-02T21:23:04.746+05:30  INFO 30128 --- [  restartedMain] o.a.c.c.C.[Tomcat].[localhost].[/]       : Initializing Spring embedded WebApplicationContext
2025-08-02T21:23:04.747+05:30  INFO 30128 --- [  restartedMain] w.s.c.ServletWebServerApplicationContext : Root WebApplicationContext: initialization completed in 1044 ms
2025-08-02T21:23:04.824+05:30  INFO 30128 --- [  restartedMain] o.hibernate.jpa.internal.util.LogHelper  : HHH000204: Processing PersistenceUnitInfo [name: default]
2025-08-02T21:23:04.840+05:30  INFO 30128 --- [  restartedMain] o.h.b.i.BytecodeProviderInitiator        : HHH000021: Bytecode provider name : bytebuddy
2025-08-02T21:23:04.840+05:30  INFO 30128 --- [  restartedMain] o.s.o.j.p.SpringPersistenceUnitInfo      : No LoadTimeWeaver setup: ignoring JPA class transformer
2025-08-02T21:23:04.842+05:30  INFO 30128 --- [  restartedMain] com.zaxxer.hikari.HikariDataSource       : HikariPool-3 - Starting...
2025-08-02T21:23:04.975+05:30  INFO 30128 --- [  restartedMain] com.zaxxer.hikari.pool.HikariPool        : HikariPool-3 - Added connection oracle.jdbc.driver.T4CConnection@5c0d2fe7
2025-08-02T21:23:04.976+05:30  INFO 30128 --- [  restartedMain] com.zaxxer.hikari.HikariDataSource       : HikariPool-3 - Start completed.
2025-08-02T21:23:05.016+05:30  INFO 30128 --- [  restartedMain] o.h.b.i.BytecodeProviderInitiator        : HHH000021: Bytecode provider name : bytebuddy
2025-08-02T21:23:05.118+05:30  INFO 30128 --- [  restartedMain] o.h.e.t.j.p.i.JtaPlatformInitiator       : HHH000490: Using JtaPlatform implementation: [org.hibernate.engine.transaction.jta.platform.internal.NoJtaPlatform]
Hibernate: alter table bank_transactions modify transaction_date timestamp(6)
Hibernate: alter table customer_account modify created_at timestamp(6)
Hibernate: alter table customer_account modify opened_date timestamp(6)
Hibernate: alter table customer_account modify updated_at timestamp(6)
2025-08-02T21:23:07.582+05:30  INFO 30128 --- [  restartedMain] j.LocalContainerEntityManagerFactoryBean : Initialized JPA EntityManagerFactory for persistence unit 'default'
2025-08-02T21:23:07.687+05:30  WARN 30128 --- [  restartedMain] JpaBaseConfiguration$JpaWebConfiguration : spring.jpa.open-in-view is enabled by default. Therefore, database queries may be performed during view rendering. Explicitly configure spring.jpa.open-in-view to disable this warning
2025-08-02T21:23:07.935+05:30  WARN 30128 --- [  restartedMain] o.s.b.d.a.OptionalLiveReloadServer       : Unable to start LiveReload server
2025-08-02T21:23:09.825+05:30  INFO 30128 --- [  restartedMain] o.s.cloud.commons.util.InetUtils         : Cannot determine local hostname
2025-08-02T21:23:09.861+05:30  INFO 30128 --- [  restartedMain] DiscoveryClientOptionalArgsConfiguration : Eureka HTTP Client uses RestTemplate.
2025-08-02T21:23:11.722+05:30  INFO 30128 --- [  restartedMain] o.s.cloud.commons.util.InetUtils         : Cannot determine local hostname
2025-08-02T21:23:11.766+05:30  WARN 30128 --- [  restartedMain] iguration$LoadBalancerCaffeineWarnLogger : Spring Cloud LoadBalancer is currently working with the default cache. While this cache implementation is useful for development and tests, it's recommended to use Caffeine cache in production.You can switch to using Caffeine cache, by adding it and org.springframework.cache.caffeine.CaffeineCacheManager to the classpath.
2025-08-02T21:23:11.797+05:30  INFO 30128 --- [  restartedMain] o.s.c.n.eureka.InstanceInfoFactory       : Setting initial instance status as: STARTING
2025-08-02T21:23:11.806+05:30  INFO 30128 --- [  restartedMain] com.netflix.discovery.DiscoveryClient    : Initializing Eureka in region us-east-1
2025-08-02T21:23:11.807+05:30  INFO 30128 --- [  restartedMain] c.n.d.s.r.aws.ConfigClusterResolver      : Resolving eureka endpoints via configuration
2025-08-02T21:23:11.809+05:30  INFO 30128 --- [  restartedMain] com.netflix.discovery.DiscoveryClient    : Disable delta property : false
2025-08-02T21:23:11.809+05:30  INFO 30128 --- [  restartedMain] com.netflix.discovery.DiscoveryClient    : Single vip registry refresh property : null
2025-08-02T21:23:11.809+05:30  INFO 30128 --- [  restartedMain] com.netflix.discovery.DiscoveryClient    : Force full registry fetch : false
2025-08-02T21:23:11.809+05:30  INFO 30128 --- [  restartedMain] com.netflix.discovery.DiscoveryClient    : Application is null : false
2025-08-02T21:23:11.809+05:30  INFO 30128 --- [  restartedMain] com.netflix.discovery.DiscoveryClient    : Registered Applications size is zero : true
2025-08-02T21:23:11.809+05:30  INFO 30128 --- [  restartedMain] com.netflix.discovery.DiscoveryClient    : Application version is -1: true
2025-08-02T21:23:11.809+05:30  INFO 30128 --- [  restartedMain] com.netflix.discovery.DiscoveryClient    : Getting all instance registry info from the eureka server
2025-08-02T21:23:11.855+05:30  INFO 30128 --- [  restartedMain] com.netflix.discovery.DiscoveryClient    : The response status is 200
2025-08-02T21:23:11.859+05:30  INFO 30128 --- [  restartedMain] com.netflix.discovery.DiscoveryClient    : Starting heartbeat executor: renew interval is: 30
2025-08-02T21:23:11.862+05:30  INFO 30128 --- [  restartedMain] c.n.discovery.InstanceInfoReplicator     : InstanceInfoReplicator onDemand update allowed rate per min is 4
2025-08-02T21:23:11.867+05:30  INFO 30128 --- [  restartedMain] com.netflix.discovery.DiscoveryClient    : Discovery Client initialized at timestamp 1754149991867 with initial instances count: 5
2025-08-02T21:23:11.870+05:30  INFO 30128 --- [  restartedMain] o.s.c.n.e.s.EurekaServiceRegistry        : Registering application ACCOUNT-SERVICE with eureka with status UP
2025-08-02T21:23:11.871+05:30  INFO 30128 --- [  restartedMain] com.netflix.discovery.DiscoveryClient    : Saw local status change event StatusChangeEvent [timestamp=1754149991871, current=UP, previous=STARTING]
2025-08-02T21:23:11.871+05:30  INFO 30128 --- [nfoReplicator-0] com.netflix.discovery.DiscoveryClient    : DiscoveryClient_ACCOUNT-SERVICE/localhost:account-service:9091: registering service...
2025-08-02T21:23:11.891+05:30  INFO 30128 --- [  restartedMain] o.s.b.w.embedded.tomcat.TomcatWebServer  : Tomcat started on port(s): 9091 (http) with context path ''
2025-08-02T21:23:11.893+05:30  INFO 30128 --- [  restartedMain] .s.c.n.e.s.EurekaAutoServiceRegistration : Updating port to 9091
2025-08-02T21:23:11.895+05:30  INFO 30128 --- [nfoReplicator-0] com.netflix.discovery.DiscoveryClient    : DiscoveryClient_ACCOUNT-SERVICE/localhost:account-service:9091 - registration status: 204
2025-08-02T21:23:13.673+05:30  INFO 30128 --- [  restartedMain] o.s.cloud.commons.util.InetUtils         : Cannot determine local hostname
2025-08-02T21:23:13.685+05:30  INFO 30128 --- [  restartedMain] com.bank.AccountApplication              : Started AccountApplication in 11.877 seconds (process running for 23974.366)
2025-08-02T21:23:13.689+05:30  INFO 30128 --- [  restartedMain] .ConditionEvaluationDeltaLoggingListener : Condition evaluation unchanged
2025-08-02T21:28:11.825+05:30  INFO 30128 --- [trap-executor-0] c.n.d.s.r.aws.ConfigClusterResolver      : Resolving eureka endpoints via configuration
[INFO] ------------------------------------------------------------------------
[INFO] BUILD FAILURE
[INFO] ------------------------------------------------------------------------
[INFO] Total time:  06:45 h
[INFO] Finished at: 2025-08-02T21:28:48+05:30
[INFO] ------------------------------------------------------------------------
[ERROR] Failed to execute goal org.springframework.boot:spring-boot-maven-plugin:3.1.2:run (default-cli) on project account-service: Process terminated with exit code: 143 -> [Help 1]
[ERROR] 
[ERROR] To see the full stack trace of the errors, re-run Maven with the -e switch.
[ERROR] Re-run Maven using the -X switch to enable full debug logging.
[ERROR] 
[ERROR] For more information about the errors and possible solutions, please read the following articles:
[ERROR] [Help 1] http://cwiki.apache.org/confluence/display/MAVEN/MojoExecutionException
